2017-02-09 19:47:08.469  INFO 3192 --- [main] c.n.b.HelloWorldApIsApplicationTests     : Starting HelloWorldApIsApplicationTests on Nick-Lenova with PID 3192 (started by Nicholas in C:\Users\Nicholas\workspaceEE\HelloWorldAPIs3)
2017-02-09 19:47:08.471  INFO 3192 --- [main] c.n.b.HelloWorldApIsApplicationTests     : No active profile set, falling back to default profiles: default
2017-02-09 19:47:08.953  INFO 3192 --- [main] o.s.w.c.s.GenericWebApplicationContext   : Refreshing org.springframework.web.context.support.GenericWebApplicationContext@257ae572: startup date [Thu Feb 09 19:47:08 EST 2017]; root of context hierarchy
2017-02-09 19:47:30.461  INFO 3192 --- [main] trationDelegate$BeanPostProcessorChecker : Bean 'org.springframework.boot.autoconfigure.validation.ValidationAutoConfiguration' of type [class org.springframework.boot.autoconfigure.validation.ValidationAutoConfiguration] is not eligible for getting processed by all BeanPostProcessors (for example: not eligible for auto-proxying)
2017-02-09 19:47:31.619  INFO 3192 --- [main] trationDelegate$BeanPostProcessorChecker : Bean 'validator' of type [class org.springframework.validation.beanvalidation.LocalValidatorFactoryBean] is not eligible for getting processed by all BeanPostProcessors (for example: not eligible for auto-proxying)
2017-02-09 19:47:32.142  INFO 3192 --- [main] trationDelegate$BeanPostProcessorChecker : Bean 'org.springframework.transaction.annotation.ProxyTransactionManagementConfiguration' of type [class org.springframework.transaction.annotation.ProxyTransactionManagementConfiguration$$EnhancerBySpringCGLIB$$8b239157] is not eligible for getting processed by all BeanPostProcessors (for example: not eligible for auto-proxying)
2017-02-09 19:47:36.380  INFO 3192 --- [main] o.s.jdbc.datasource.init.ScriptUtils     : Executing SQL script from URL [file:/C:/Users/Nicholas/workspaceEE/HelloWorldAPIs3/target/classes/schema-h2.sql]
2017-02-09 19:47:36.645  INFO 3192 --- [main] o.s.jdbc.datasource.init.ScriptUtils     : Executed SQL script from URL [file:/C:/Users/Nicholas/workspaceEE/HelloWorldAPIs3/target/classes/schema-h2.sql] in 258 ms.
2017-02-09 19:47:38.451  INFO 3192 --- [main] j.LocalContainerEntityManagerFactoryBean : Building JPA container EntityManagerFactory for persistence unit 'default'
2017-02-09 19:47:38.885  INFO 3192 --- [main] o.hibernate.jpa.internal.util.LogHelper  : HHH000204: Processing PersistenceUnitInfo [
	name: default
	...]
2017-02-09 19:47:39.990  INFO 3192 --- [main] org.hibernate.Version                    : HHH000412: Hibernate Core {5.0.11.Final}
2017-02-09 19:47:40.014  INFO 3192 --- [main] org.hibernate.cfg.Environment            : HHH000206: hibernate.properties not found
2017-02-09 19:47:40.043  INFO 3192 --- [main] org.hibernate.cfg.Environment            : HHH000021: Bytecode provider name : javassist
2017-02-09 19:47:40.647  INFO 3192 --- [main] o.hibernate.annotations.common.Version   : HCANN000001: Hibernate Commons Annotations {5.0.1.Final}
2017-02-09 19:47:41.941  INFO 3192 --- [main] org.hibernate.dialect.Dialect            : HHH000400: Using dialect: org.hibernate.dialect.H2Dialect
2017-02-09 19:47:47.574  INFO 3192 --- [main] org.hibernate.tool.hbm2ddl.SchemaUpdate  : HHH000228: Running hbm2ddl schema update
2017-02-09 19:47:48.137  INFO 3192 --- [main] j.LocalContainerEntityManagerFactoryBean : Initialized JPA EntityManagerFactory for persistence unit 'default'
2017-02-09 19:47:54.302  INFO 3192 --- [main] s.w.s.m.m.a.RequestMappingHandlerMapping : Mapped "{[/users/registeruser],methods=[POST]}" onto public com.nick.brown.api.bean.RestAPIResponseBean com.nick.brown.controller.UserController.saveuser(com.nick.brown.entity.User)
2017-02-09 19:47:54.536  INFO 3192 --- [main] s.w.s.m.m.a.RequestMappingHandlerMapping : Mapped "{[/users/getusers],methods=[GET]}" onto public org.springframework.data.domain.Page<com.nick.brown.entity.User> com.nick.brown.controller.UserController.getusers(org.springframework.data.domain.Pageable)
2017-02-09 19:47:54.582  INFO 3192 --- [main] s.w.s.m.m.a.RequestMappingHandlerMapping : Mapped "{[/v2/api-docs],methods=[GET],produces=[application/json || application/hal+json]}" onto public org.springframework.http.ResponseEntity<springfox.documentation.spring.web.json.Json> springfox.documentation.swagger2.web.Swagger2Controller.getDocumentation(java.lang.String,javax.servlet.http.HttpServletRequest)
2017-02-09 19:47:54.823  INFO 3192 --- [main] s.w.s.m.m.a.RequestMappingHandlerMapping : Mapped "{[/configuration/security]}" onto org.springframework.http.ResponseEntity<springfox.documentation.swagger.web.SecurityConfiguration> springfox.documentation.swagger.web.ApiResourceController.securityConfiguration()
2017-02-09 19:47:54.826  INFO 3192 --- [main] s.w.s.m.m.a.RequestMappingHandlerMapping : Mapped "{[/configuration/ui]}" onto org.springframework.http.ResponseEntity<springfox.documentation.swagger.web.UiConfiguration> springfox.documentation.swagger.web.ApiResourceController.uiConfiguration()
2017-02-09 19:47:54.856  INFO 3192 --- [main] s.w.s.m.m.a.RequestMappingHandlerMapping : Mapped "{[/swagger-resources]}" onto org.springframework.http.ResponseEntity<java.util.List<springfox.documentation.swagger.web.SwaggerResource>> springfox.documentation.swagger.web.ApiResourceController.swaggerResources()
2017-02-09 19:47:55.181  INFO 3192 --- [main] s.w.s.m.m.a.RequestMappingHandlerMapping : Mapped "{[/error]}" onto public org.springframework.http.ResponseEntity<java.util.Map<java.lang.String, java.lang.Object>> org.springframework.boot.autoconfigure.web.BasicErrorController.error(javax.servlet.http.HttpServletRequest)
2017-02-09 19:47:55.198  INFO 3192 --- [main] s.w.s.m.m.a.RequestMappingHandlerMapping : Mapped "{[/error],produces=[text/html]}" onto public org.springframework.web.servlet.ModelAndView org.springframework.boot.autoconfigure.web.BasicErrorController.errorHtml(javax.servlet.http.HttpServletRequest,javax.servlet.http.HttpServletResponse)
2017-02-09 19:48:01.969  INFO 3192 --- [main] s.w.s.m.m.a.RequestMappingHandlerAdapter : Looking for @ControllerAdvice: org.springframework.web.context.support.GenericWebApplicationContext@257ae572: startup date [Thu Feb 09 19:47:08 EST 2017]; root of context hierarchy
2017-02-09 19:48:02.940  INFO 3192 --- [main] o.s.w.s.handler.SimpleUrlHandlerMapping  : Mapped URL path [/webjars/**] onto handler of type [class org.springframework.web.servlet.resource.ResourceHttpRequestHandler]
2017-02-09 19:48:02.955  INFO 3192 --- [main] o.s.w.s.handler.SimpleUrlHandlerMapping  : Mapped URL path [/**] onto handler of type [class org.springframework.web.servlet.resource.ResourceHttpRequestHandler]
2017-02-09 19:48:03.428  INFO 3192 --- [main] o.s.w.s.handler.SimpleUrlHandlerMapping  : Mapped URL path [/**/favicon.ico] onto handler of type [class org.springframework.web.servlet.resource.ResourceHttpRequestHandler]
2017-02-09 19:48:05.422  INFO 3192 --- [main] d.s.w.p.DocumentationPluginsBootstrapper : Context refreshed
2017-02-09 19:48:05.594  INFO 3192 --- [main] d.s.w.p.DocumentationPluginsBootstrapper : Found 1 custom documentation plugin(s)
2017-02-09 19:48:05.629  INFO 3192 --- [main] s.d.s.w.s.ApiListingReferenceScanner     : Scanning for api listing references
2017-02-09 19:48:07.207  INFO 3192 --- [main] c.n.b.HelloWorldApIsApplicationTests     : Started HelloWorldApIsApplicationTests in 60.322 seconds (JVM running for 64.148)
2017-02-09 19:48:08.027  INFO 3192 --- [Thread-4] o.s.w.c.s.GenericWebApplicationContext   : Closing org.springframework.web.context.support.GenericWebApplicationContext@257ae572: startup date [Thu Feb 09 19:47:08 EST 2017]; root of context hierarchy
2017-02-09 19:48:08.110  INFO 3192 --- [Thread-4] j.LocalContainerEntityManagerFactoryBean : Closing JPA EntityManagerFactory for persistence unit 'default'
